2020-02-15 21:04:26.105  INFO 7832 --- [main] e.d.EmployeeManagementServiceApplication : Starting EmployeeManagementServiceApplication on MSI with PID 7832 (C:\srccode\MS\employee-management-service\target\classes started by mrajn in C:\srccode\MS\employee-management-service)
2020-02-15 21:04:26.110  INFO 7832 --- [main] e.d.EmployeeManagementServiceApplication : No active profile set, falling back to default profiles: default
2020-02-15 21:04:26.795  INFO 7832 --- [main] .s.d.r.c.RepositoryConfigurationDelegate : Bootstrapping Spring Data JPA repositories in DEFAULT mode.
2020-02-15 21:04:26.863  INFO 7832 --- [main] .s.d.r.c.RepositoryConfigurationDelegate : Finished Spring Data repository scanning in 57ms. Found 1 JPA repository interfaces.
2020-02-15 21:04:27.275  INFO 7832 --- [main] trationDelegate$BeanPostProcessorChecker : Bean 'org.springframework.transaction.annotation.ProxyTransactionManagementConfiguration' of type [org.springframework.transaction.annotation.ProxyTransactionManagementConfiguration] is not eligible for getting processed by all BeanPostProcessors (for example: not eligible for auto-proxying)
2020-02-15 21:04:27.849  INFO 7832 --- [main] o.s.b.w.embedded.tomcat.TomcatWebServer  : Tomcat initialized with port(s): 8080 (http)
2020-02-15 21:04:27.863  INFO 7832 --- [main] o.apache.catalina.core.StandardService   : Starting service [Tomcat]
2020-02-15 21:04:27.863  INFO 7832 --- [main] org.apache.catalina.core.StandardEngine  : Starting Servlet engine: [Apache Tomcat/9.0.30]
2020-02-15 21:04:28.018  INFO 7832 --- [main] o.a.c.c.C.[Tomcat].[localhost].[/]       : Initializing Spring embedded WebApplicationContext
2020-02-15 21:04:28.019  INFO 7832 --- [main] o.s.web.context.ContextLoader            : Root WebApplicationContext: initialization completed in 1839 ms
2020-02-15 21:04:28.416  INFO 7832 --- [main] o.hibernate.jpa.internal.util.LogHelper  : HHH000204: Processing PersistenceUnitInfo [name: default]
2020-02-15 21:04:28.670  INFO 7832 --- [main] org.hibernate.Version                    : HHH000412: Hibernate Core {5.4.10.Final}
2020-02-15 21:04:28.978  INFO 7832 --- [main] o.hibernate.annotations.common.Version   : HCANN000001: Hibernate Commons Annotations {5.1.0.Final}
2020-02-15 21:04:29.205  INFO 7832 --- [main] com.zaxxer.hikari.HikariDataSource       : HikariPool-1 - Starting...
2020-02-15 21:04:29.519  INFO 7832 --- [main] com.zaxxer.hikari.HikariDataSource       : HikariPool-1 - Start completed.
2020-02-15 21:04:29.552  INFO 7832 --- [main] org.hibernate.dialect.Dialect            : HHH000400: Using dialect: org.hibernate.dialect.MySQL5Dialect
2020-02-15 21:04:30.920  INFO 7832 --- [main] o.h.e.t.j.p.i.JtaPlatformInitiator       : HHH000490: Using JtaPlatform implementation: [org.hibernate.engine.transaction.jta.platform.internal.NoJtaPlatform]
2020-02-15 21:04:30.932  INFO 7832 --- [main] j.LocalContainerEntityManagerFactoryBean : Initialized JPA EntityManagerFactory for persistence unit 'default'
2020-02-15 21:04:31.510  WARN 7832 --- [main] JpaBaseConfiguration$JpaWebConfiguration : spring.jpa.open-in-view is enabled by default. Therefore, database queries may be performed during view rendering. Explicitly configure spring.jpa.open-in-view to disable this warning
2020-02-15 21:04:31.771  INFO 7832 --- [main] o.s.s.concurrent.ThreadPoolTaskExecutor  : Initializing ExecutorService 'applicationTaskExecutor'
2020-02-15 21:04:32.147  INFO 7832 --- [main] o.s.b.w.embedded.tomcat.TomcatWebServer  : Tomcat started on port(s): 8080 (http) with context path ''
2020-02-15 21:04:32.150  INFO 7832 --- [main] e.d.EmployeeManagementServiceApplication : Started EmployeeManagementServiceApplication in 6.463 seconds (JVM running for 6.866)
2020-02-15 21:04:37.288  INFO 7832 --- [http-nio-8080-exec-1] o.a.c.c.C.[Tomcat].[localhost].[/]       : Initializing Spring DispatcherServlet 'dispatcherServlet'
2020-02-15 21:04:37.289  INFO 7832 --- [http-nio-8080-exec-1] o.s.web.servlet.DispatcherServlet        : Initializing Servlet 'dispatcherServlet'
2020-02-15 21:04:37.309  INFO 7832 --- [http-nio-8080-exec-1] o.s.web.servlet.DispatcherServlet        : Completed initialization in 19 ms
2020-02-15 21:04:37.371  INFO 7832 --- [http-nio-8080-exec-1] c.j.m.e.d.controller.EmployeeController  : Starting to fetch all employees info for request :REQ0.5972115662404887
2020-02-15 21:04:37.981  INFO 7832 --- [http-nio-8080-exec-1] c.j.m.e.d.controller.EmployeeController  : [Time: 610 ms] [RequestID: REQ0.5972115662404887 ] [Respone: [Employee [id=1, name=mukesh, department=test, salary=100000.0], Employee [id=2, name=Ravi, department=test, salary=100000.0]] ]{} {}
2020-02-15 21:04:39.736  INFO 7832 --- [http-nio-8080-exec-2] c.j.m.e.d.controller.EmployeeController  : Starting to fetch all employees info for request :REQ0.08696900300933652
2020-02-15 21:04:39.744  INFO 7832 --- [http-nio-8080-exec-2] c.j.m.e.d.controller.EmployeeController  : [Time: 8 ms] [RequestID: REQ0.08696900300933652 ] [Respone: [Employee [id=1, name=mukesh, department=test, salary=100000.0], Employee [id=2, name=Ravi, department=test, salary=100000.0]] ]{} {}
2020-02-15 21:04:40.269  INFO 7832 --- [http-nio-8080-exec-3] c.j.m.e.d.controller.EmployeeController  : Starting to fetch all employees info for request :REQ0.6694839975004698
2020-02-15 21:04:40.274  INFO 7832 --- [http-nio-8080-exec-3] c.j.m.e.d.controller.EmployeeController  : [Time: 5 ms] [RequestID: REQ0.6694839975004698 ] [Respone: [Employee [id=1, name=mukesh, department=test, salary=100000.0], Employee [id=2, name=Ravi, department=test, salary=100000.0]] ]{} {}
2020-02-15 21:04:40.491  INFO 7832 --- [http-nio-8080-exec-4] c.j.m.e.d.controller.EmployeeController  : Starting to fetch all employees info for request :REQ0.18712464991847744
2020-02-15 21:04:40.497  INFO 7832 --- [http-nio-8080-exec-4] c.j.m.e.d.controller.EmployeeController  : [Time: 6 ms] [RequestID: REQ0.18712464991847744 ] [Respone: [Employee [id=1, name=mukesh, department=test, salary=100000.0], Employee [id=2, name=Ravi, department=test, salary=100000.0]] ]{} {}
2020-02-15 21:04:40.691  INFO 7832 --- [http-nio-8080-exec-5] c.j.m.e.d.controller.EmployeeController  : Starting to fetch all employees info for request :REQ0.9657353696785235
2020-02-15 21:04:40.697  INFO 7832 --- [http-nio-8080-exec-5] c.j.m.e.d.controller.EmployeeController  : [Time: 6 ms] [RequestID: REQ0.9657353696785235 ] [Respone: [Employee [id=1, name=mukesh, department=test, salary=100000.0], Employee [id=2, name=Ravi, department=test, salary=100000.0]] ]{} {}
2020-02-15 21:04:40.876  INFO 7832 --- [http-nio-8080-exec-6] c.j.m.e.d.controller.EmployeeController  : Starting to fetch all employees info for request :REQ0.2539406596914633
2020-02-15 21:04:40.882  INFO 7832 --- [http-nio-8080-exec-6] c.j.m.e.d.controller.EmployeeController  : [Time: 6 ms] [RequestID: REQ0.2539406596914633 ] [Respone: [Employee [id=1, name=mukesh, department=test, salary=100000.0], Employee [id=2, name=Ravi, department=test, salary=100000.0]] ]{} {}
2020-02-15 21:04:41.071  INFO 7832 --- [http-nio-8080-exec-7] c.j.m.e.d.controller.EmployeeController  : Starting to fetch all employees info for request :REQ0.811758041105207
2020-02-15 21:04:41.074  INFO 7832 --- [http-nio-8080-exec-7] c.j.m.e.d.controller.EmployeeController  : [Time: 3 ms] [RequestID: REQ0.811758041105207 ] [Respone: [Employee [id=1, name=mukesh, department=test, salary=100000.0], Employee [id=2, name=Ravi, department=test, salary=100000.0]] ]{} {}
2020-02-15 21:04:41.270  INFO 7832 --- [http-nio-8080-exec-8] c.j.m.e.d.controller.EmployeeController  : Starting to fetch all employees info for request :REQ0.2963268447005053
2020-02-15 21:04:41.276  INFO 7832 --- [http-nio-8080-exec-8] c.j.m.e.d.controller.EmployeeController  : [Time: 6 ms] [RequestID: REQ0.2963268447005053 ] [Respone: [Employee [id=1, name=mukesh, department=test, salary=100000.0], Employee [id=2, name=Ravi, department=test, salary=100000.0]] ]{} {}
2020-02-15 21:04:41.456  INFO 7832 --- [http-nio-8080-exec-9] c.j.m.e.d.controller.EmployeeController  : Starting to fetch all employees info for request :REQ0.9709762200721903
2020-02-15 21:04:41.460  INFO 7832 --- [http-nio-8080-exec-9] c.j.m.e.d.controller.EmployeeController  : [Time: 4 ms] [RequestID: REQ0.9709762200721903 ] [Respone: [Employee [id=1, name=mukesh, department=test, salary=100000.0], Employee [id=2, name=Ravi, department=test, salary=100000.0]] ]{} {}
2020-02-15 21:04:41.636  INFO 7832 --- [http-nio-8080-exec-10] c.j.m.e.d.controller.EmployeeController  : Starting to fetch all employees info for request :REQ0.8370840815379853
2020-02-15 21:04:41.641  INFO 7832 --- [http-nio-8080-exec-10] c.j.m.e.d.controller.EmployeeController  : [Time: 5 ms] [RequestID: REQ0.8370840815379853 ] [Respone: [Employee [id=1, name=mukesh, department=test, salary=100000.0], Employee [id=2, name=Ravi, department=test, salary=100000.0]] ]{} {}
2020-02-15 21:04:41.834  INFO 7832 --- [http-nio-8080-exec-1] c.j.m.e.d.controller.EmployeeController  : Starting to fetch all employees info for request :REQ0.2864987455156284
2020-02-15 21:04:41.838  INFO 7832 --- [http-nio-8080-exec-1] c.j.m.e.d.controller.EmployeeController  : [Time: 4 ms] [RequestID: REQ0.2864987455156284 ] [Respone: [Employee [id=1, name=mukesh, department=test, salary=100000.0], Employee [id=2, name=Ravi, department=test, salary=100000.0]] ]{} {}
2020-02-15 21:04:42.037  INFO 7832 --- [http-nio-8080-exec-2] c.j.m.e.d.controller.EmployeeController  : Starting to fetch all employees info for request :REQ0.9891591250620794
2020-02-15 21:04:42.042  INFO 7832 --- [http-nio-8080-exec-2] c.j.m.e.d.controller.EmployeeController  : [Time: 5 ms] [RequestID: REQ0.9891591250620794 ] [Respone: [Employee [id=1, name=mukesh, department=test, salary=100000.0], Employee [id=2, name=Ravi, department=test, salary=100000.0]] ]{} {}
2020-02-15 21:08:03.478  INFO 8532 --- [main] e.d.EmployeeManagementServiceApplication : Starting EmployeeManagementServiceApplication on MSI with PID 8532 (C:\srccode\MS\employee-management-service\target\classes started by mrajn in C:\srccode\MS\employee-management-service)
2020-02-15 21:08:03.481  INFO 8532 --- [main] e.d.EmployeeManagementServiceApplication : No active profile set, falling back to default profiles: default
2020-02-15 21:08:04.179  INFO 8532 --- [main] .s.d.r.c.RepositoryConfigurationDelegate : Bootstrapping Spring Data JPA repositories in DEFAULT mode.
2020-02-15 21:08:04.248  INFO 8532 --- [main] .s.d.r.c.RepositoryConfigurationDelegate : Finished Spring Data repository scanning in 57ms. Found 1 JPA repository interfaces.
2020-02-15 21:08:04.716  INFO 8532 --- [main] trationDelegate$BeanPostProcessorChecker : Bean 'org.springframework.transaction.annotation.ProxyTransactionManagementConfiguration' of type [org.springframework.transaction.annotation.ProxyTransactionManagementConfiguration] is not eligible for getting processed by all BeanPostProcessors (for example: not eligible for auto-proxying)
2020-02-15 21:08:05.408  INFO 8532 --- [main] o.s.b.w.embedded.tomcat.TomcatWebServer  : Tomcat initialized with port(s): 8080 (http)
2020-02-15 21:08:05.423  INFO 8532 --- [main] o.apache.catalina.core.StandardService   : Starting service [Tomcat]
2020-02-15 21:08:05.423  INFO 8532 --- [main] org.apache.catalina.core.StandardEngine  : Starting Servlet engine: [Apache Tomcat/9.0.30]
2020-02-15 21:08:05.542  INFO 8532 --- [main] o.a.c.c.C.[Tomcat].[localhost].[/]       : Initializing Spring embedded WebApplicationContext
2020-02-15 21:08:05.544  INFO 8532 --- [main] o.s.web.context.ContextLoader            : Root WebApplicationContext: initialization completed in 2010 ms
2020-02-15 21:08:05.939  INFO 8532 --- [main] o.hibernate.jpa.internal.util.LogHelper  : HHH000204: Processing PersistenceUnitInfo [name: default]
2020-02-15 21:08:06.192  INFO 8532 --- [main] org.hibernate.Version                    : HHH000412: Hibernate Core {5.4.10.Final}
2020-02-15 21:08:06.636  INFO 8532 --- [main] o.hibernate.annotations.common.Version   : HCANN000001: Hibernate Commons Annotations {5.1.0.Final}
2020-02-15 21:08:06.751  INFO 8532 --- [main] com.zaxxer.hikari.HikariDataSource       : HikariPool-1 - Starting...
2020-02-15 21:08:06.946  INFO 8532 --- [main] com.zaxxer.hikari.HikariDataSource       : HikariPool-1 - Start completed.
2020-02-15 21:08:06.963  INFO 8532 --- [main] org.hibernate.dialect.Dialect            : HHH000400: Using dialect: org.hibernate.dialect.MySQL5Dialect
2020-02-15 21:08:07.741  INFO 8532 --- [main] o.h.e.t.j.p.i.JtaPlatformInitiator       : HHH000490: Using JtaPlatform implementation: [org.hibernate.engine.transaction.jta.platform.internal.NoJtaPlatform]
2020-02-15 21:08:07.757  INFO 8532 --- [main] j.LocalContainerEntityManagerFactoryBean : Initialized JPA EntityManagerFactory for persistence unit 'default'
2020-02-15 21:08:08.412  WARN 8532 --- [main] JpaBaseConfiguration$JpaWebConfiguration : spring.jpa.open-in-view is enabled by default. Therefore, database queries may be performed during view rendering. Explicitly configure spring.jpa.open-in-view to disable this warning
2020-02-15 21:08:08.759  INFO 8532 --- [main] o.s.s.concurrent.ThreadPoolTaskExecutor  : Initializing ExecutorService 'applicationTaskExecutor'
2020-02-15 21:08:09.221  INFO 8532 --- [main] o.s.b.w.embedded.tomcat.TomcatWebServer  : Tomcat started on port(s): 8080 (http) with context path ''
2020-02-15 21:08:09.223  INFO 8532 --- [main] e.d.EmployeeManagementServiceApplication : Started EmployeeManagementServiceApplication in 6.174 seconds (JVM running for 6.733)
2020-02-15 21:08:21.407  INFO 8532 --- [http-nio-8080-exec-1] o.a.c.c.C.[Tomcat].[localhost].[/]       : Initializing Spring DispatcherServlet 'dispatcherServlet'
2020-02-15 21:08:21.408  INFO 8532 --- [http-nio-8080-exec-1] o.s.web.servlet.DispatcherServlet        : Initializing Servlet 'dispatcherServlet'
2020-02-15 21:08:21.437  INFO 8532 --- [http-nio-8080-exec-1] o.s.web.servlet.DispatcherServlet        : Completed initialization in 27 ms
2020-02-15 21:08:21.495  INFO 8532 --- [http-nio-8080-exec-1] c.j.m.e.d.controller.EmployeeController  : Starting to fetch all employees info for request :REQ0.4980303492326986
2020-02-15 21:08:22.142  INFO 8532 --- [http-nio-8080-exec-1] c.j.m.e.d.controller.EmployeeController  : [Time: 648 ms] [RequestID: REQ0.4980303492326986 ] [Respone: [Employee [id=1, name=mukesh, department=test, salary=100000.0], Employee [id=2, name=Ravi, department=test, salary=100000.0]] ]{} {}
2020-02-15 21:08:25.161  INFO 8532 --- [http-nio-8080-exec-2] c.j.m.e.d.controller.EmployeeController  : Starting to fetch all employees info for request :REQ0.1846127681679578
2020-02-15 21:08:25.179  INFO 8532 --- [http-nio-8080-exec-2] c.j.m.e.d.controller.EmployeeController  : [Time: 18 ms] [RequestID: REQ0.1846127681679578 ] [Respone: [Employee [id=1, name=mukesh, department=test, salary=100000.0], Employee [id=2, name=Ravi, department=test, salary=100000.0]] ]{} {}
2020-02-15 21:08:26.435  INFO 8532 --- [http-nio-8080-exec-3] c.j.m.e.d.controller.EmployeeController  : Starting to fetch all employees info for request :REQ0.27991776020369596
2020-02-15 21:08:26.450  INFO 8532 --- [http-nio-8080-exec-3] c.j.m.e.d.controller.EmployeeController  : [Time: 15 ms] [RequestID: REQ0.27991776020369596 ] [Respone: [Employee [id=1, name=mukesh, department=test, salary=100000.0], Employee [id=2, name=Ravi, department=test, salary=100000.0]] ]{} {}
2020-02-15 21:08:27.351  INFO 8532 --- [http-nio-8080-exec-4] c.j.m.e.d.controller.EmployeeController  : Starting to fetch all employees info for request :REQ0.019127006729238838
2020-02-15 21:08:27.364  INFO 8532 --- [http-nio-8080-exec-4] c.j.m.e.d.controller.EmployeeController  : [Time: 14 ms] [RequestID: REQ0.019127006729238838 ] [Respone: [Employee [id=1, name=mukesh, department=test, salary=100000.0], Employee [id=2, name=Ravi, department=test, salary=100000.0]] ]{} {}
2020-02-15 21:08:28.351  INFO 8532 --- [http-nio-8080-exec-5] c.j.m.e.d.controller.EmployeeController  : Starting to fetch all employees info for request :REQ0.47138376101034574
2020-02-15 21:08:28.367  INFO 8532 --- [http-nio-8080-exec-5] c.j.m.e.d.controller.EmployeeController  : [Time: 16 ms] [RequestID: REQ0.47138376101034574 ] [Respone: [Employee [id=1, name=mukesh, department=test, salary=100000.0], Employee [id=2, name=Ravi, department=test, salary=100000.0]] ]{} {}
2020-02-15 21:08:29.141  INFO 8532 --- [http-nio-8080-exec-6] c.j.m.e.d.controller.EmployeeController  : Starting to fetch all employees info for request :REQ0.8004421103694781
2020-02-15 21:08:29.158  INFO 8532 --- [http-nio-8080-exec-6] c.j.m.e.d.controller.EmployeeController  : [Time: 17 ms] [RequestID: REQ0.8004421103694781 ] [Respone: [Employee [id=1, name=mukesh, department=test, salary=100000.0], Employee [id=2, name=Ravi, department=test, salary=100000.0]] ]{} {}
2020-02-15 21:08:29.883  INFO 8532 --- [http-nio-8080-exec-7] c.j.m.e.d.controller.EmployeeController  : Starting to fetch all employees info for request :REQ0.8201346460035794
2020-02-15 21:08:29.894  INFO 8532 --- [http-nio-8080-exec-7] c.j.m.e.d.controller.EmployeeController  : [Time: 11 ms] [RequestID: REQ0.8201346460035794 ] [Respone: [Employee [id=1, name=mukesh, department=test, salary=100000.0], Employee [id=2, name=Ravi, department=test, salary=100000.0]] ]{} {}
2020-02-15 21:08:30.123  INFO 8532 --- [http-nio-8080-exec-8] c.j.m.e.d.controller.EmployeeController  : Starting to fetch all employees info for request :REQ0.0590643877787419
2020-02-15 21:08:30.130  INFO 8532 --- [http-nio-8080-exec-8] c.j.m.e.d.controller.EmployeeController  : [Time: 7 ms] [RequestID: REQ0.0590643877787419 ] [Respone: [Employee [id=1, name=mukesh, department=test, salary=100000.0], Employee [id=2, name=Ravi, department=test, salary=100000.0]] ]{} {}
2020-02-15 21:08:30.332  INFO 8532 --- [http-nio-8080-exec-9] c.j.m.e.d.controller.EmployeeController  : Starting to fetch all employees info for request :REQ0.5337352306576159
2020-02-15 21:08:30.337  INFO 8532 --- [http-nio-8080-exec-9] c.j.m.e.d.controller.EmployeeController  : [Time: 6 ms] [RequestID: REQ0.5337352306576159 ] [Respone: [Employee [id=1, name=mukesh, department=test, salary=100000.0], Employee [id=2, name=Ravi, department=test, salary=100000.0]] ]{} {}
2020-02-15 21:08:30.567  INFO 8532 --- [http-nio-8080-exec-10] c.j.m.e.d.controller.EmployeeController  : Starting to fetch all employees info for request :REQ0.040173801194264946
2020-02-15 21:08:30.575  INFO 8532 --- [http-nio-8080-exec-10] c.j.m.e.d.controller.EmployeeController  : [Time: 8 ms] [RequestID: REQ0.040173801194264946 ] [Respone: [Employee [id=1, name=mukesh, department=test, salary=100000.0], Employee [id=2, name=Ravi, department=test, salary=100000.0]] ]{} {}
2020-02-15 21:08:30.768  INFO 8532 --- [http-nio-8080-exec-1] c.j.m.e.d.controller.EmployeeController  : Starting to fetch all employees info for request :REQ0.4987601723065075
2020-02-15 21:08:30.777  INFO 8532 --- [http-nio-8080-exec-1] c.j.m.e.d.controller.EmployeeController  : [Time: 9 ms] [RequestID: REQ0.4987601723065075 ] [Respone: [Employee [id=1, name=mukesh, department=test, salary=100000.0], Employee [id=2, name=Ravi, department=test, salary=100000.0]] ]{} {}
2020-02-15 21:08:30.958  INFO 8532 --- [http-nio-8080-exec-2] c.j.m.e.d.controller.EmployeeController  : Starting to fetch all employees info for request :REQ0.7166177572961941
2020-02-15 21:08:30.962  INFO 8532 --- [http-nio-8080-exec-2] c.j.m.e.d.controller.EmployeeController  : [Time: 4 ms] [RequestID: REQ0.7166177572961941 ] [Respone: [Employee [id=1, name=mukesh, department=test, salary=100000.0], Employee [id=2, name=Ravi, department=test, salary=100000.0]] ]{} {}
2020-02-15 21:08:31.217  INFO 8532 --- [http-nio-8080-exec-4] c.j.m.e.d.controller.EmployeeController  : Starting to fetch all employees info for request :REQ0.2428743545294787
2020-02-15 21:08:31.224  INFO 8532 --- [http-nio-8080-exec-4] c.j.m.e.d.controller.EmployeeController  : [Time: 8 ms] [RequestID: REQ0.2428743545294787 ] [Respone: [Employee [id=1, name=mukesh, department=test, salary=100000.0], Employee [id=2, name=Ravi, department=test, salary=100000.0]] ]{} {}
2020-02-15 21:08:31.406  INFO 8532 --- [http-nio-8080-exec-5] c.j.m.e.d.controller.EmployeeController  : Starting to fetch all employees info for request :REQ0.801430726356835
2020-02-15 21:08:31.409  INFO 8532 --- [http-nio-8080-exec-5] c.j.m.e.d.controller.EmployeeController  : [Time: 4 ms] [RequestID: REQ0.801430726356835 ] [Respone: [Employee [id=1, name=mukesh, department=test, salary=100000.0], Employee [id=2, name=Ravi, department=test, salary=100000.0]] ]{} {}
2020-02-15 21:08:31.639  INFO 8532 --- [http-nio-8080-exec-6] c.j.m.e.d.controller.EmployeeController  : Starting to fetch all employees info for request :REQ0.47787427322491927
2020-02-15 21:08:31.652  INFO 8532 --- [http-nio-8080-exec-6] c.j.m.e.d.controller.EmployeeController  : [Time: 13 ms] [RequestID: REQ0.47787427322491927 ] [Respone: [Employee [id=1, name=mukesh, department=test, salary=100000.0], Employee [id=2, name=Ravi, department=test, salary=100000.0]] ]{} {}
2020-02-15 21:23:13.827  INFO 8532 --- [http-nio-8080-exec-9] c.j.m.e.d.controller.EmployeeController  : Starting to fetch all employees info for request :REQ0.6151796010535723
2020-02-15 21:23:13.837  INFO 8532 --- [http-nio-8080-exec-9] c.j.m.e.d.controller.EmployeeController  : [Time: 10 ms] [RequestID: REQ0.6151796010535723 ] [Respone: [Employee [id=1, name=mukesh, department=test, salary=100000.0], Employee [id=2, name=Ravi, department=test, salary=100000.0]] ]{} {}
2020-02-15 21:23:14.439  INFO 8532 --- [http-nio-8080-exec-10] c.j.m.e.d.controller.EmployeeController  : Starting to fetch all employees info for request :REQ0.09614998813194697
2020-02-15 21:23:14.447  INFO 8532 --- [http-nio-8080-exec-10] c.j.m.e.d.controller.EmployeeController  : [Time: 8 ms] [RequestID: REQ0.09614998813194697 ] [Respone: [Employee [id=1, name=mukesh, department=test, salary=100000.0], Employee [id=2, name=Ravi, department=test, salary=100000.0]] ]{} {}
2020-02-15 21:23:14.707  INFO 8532 --- [http-nio-8080-exec-1] c.j.m.e.d.controller.EmployeeController  : Starting to fetch all employees info for request :REQ0.4131016381756999
2020-02-15 21:23:14.713  INFO 8532 --- [http-nio-8080-exec-1] c.j.m.e.d.controller.EmployeeController  : [Time: 6 ms] [RequestID: REQ0.4131016381756999 ] [Respone: [Employee [id=1, name=mukesh, department=test, salary=100000.0], Employee [id=2, name=Ravi, department=test, salary=100000.0]] ]{} {}
2020-02-15 21:23:14.918  INFO 8532 --- [http-nio-8080-exec-2] c.j.m.e.d.controller.EmployeeController  : Starting to fetch all employees info for request :REQ0.3585708750708483
2020-02-15 21:23:14.924  INFO 8532 --- [http-nio-8080-exec-2] c.j.m.e.d.controller.EmployeeController  : [Time: 6 ms] [RequestID: REQ0.3585708750708483 ] [Respone: [Employee [id=1, name=mukesh, department=test, salary=100000.0], Employee [id=2, name=Ravi, department=test, salary=100000.0]] ]{} {}
2020-02-15 21:23:15.091  INFO 8532 --- [http-nio-8080-exec-3] c.j.m.e.d.controller.EmployeeController  : Starting to fetch all employees info for request :REQ0.4500714028865386
2020-02-15 21:23:15.095  INFO 8532 --- [http-nio-8080-exec-3] c.j.m.e.d.controller.EmployeeController  : [Time: 4 ms] [RequestID: REQ0.4500714028865386 ] [Respone: [Employee [id=1, name=mukesh, department=test, salary=100000.0], Employee [id=2, name=Ravi, department=test, salary=100000.0]] ]{} {}
2020-02-15 21:23:15.274  INFO 8532 --- [http-nio-8080-exec-4] c.j.m.e.d.controller.EmployeeController  : Starting to fetch all employees info for request :REQ0.7406836510873519
2020-02-15 21:23:15.277  INFO 8532 --- [http-nio-8080-exec-4] c.j.m.e.d.controller.EmployeeController  : [Time: 3 ms] [RequestID: REQ0.7406836510873519 ] [Respone: [Employee [id=1, name=mukesh, department=test, salary=100000.0], Employee [id=2, name=Ravi, department=test, salary=100000.0]] ]{} {}
2020-02-15 21:23:15.460  INFO 8532 --- [http-nio-8080-exec-5] c.j.m.e.d.controller.EmployeeController  : Starting to fetch all employees info for request :REQ0.5416923896981561
2020-02-15 21:23:15.469  INFO 8532 --- [http-nio-8080-exec-5] c.j.m.e.d.controller.EmployeeController  : [Time: 9 ms] [RequestID: REQ0.5416923896981561 ] [Respone: [Employee [id=1, name=mukesh, department=test, salary=100000.0], Employee [id=2, name=Ravi, department=test, salary=100000.0]] ]{} {}
2020-02-15 21:23:15.662  INFO 8532 --- [http-nio-8080-exec-6] c.j.m.e.d.controller.EmployeeController  : Starting to fetch all employees info for request :REQ0.7941908202934338
2020-02-15 21:23:15.667  INFO 8532 --- [http-nio-8080-exec-6] c.j.m.e.d.controller.EmployeeController  : [Time: 6 ms] [RequestID: REQ0.7941908202934338 ] [Respone: [Employee [id=1, name=mukesh, department=test, salary=100000.0], Employee [id=2, name=Ravi, department=test, salary=100000.0]] ]{} {}
2020-02-15 21:23:15.972  INFO 8532 --- [http-nio-8080-exec-7] c.j.m.e.d.controller.EmployeeController  : Starting to fetch all employees info for request :REQ0.9416710194770213
2020-02-15 21:23:15.977  INFO 8532 --- [http-nio-8080-exec-7] c.j.m.e.d.controller.EmployeeController  : [Time: 5 ms] [RequestID: REQ0.9416710194770213 ] [Respone: [Employee [id=1, name=mukesh, department=test, salary=100000.0], Employee [id=2, name=Ravi, department=test, salary=100000.0]] ]{} {}
2020-02-15 21:23:16.304  INFO 8532 --- [http-nio-8080-exec-8] c.j.m.e.d.controller.EmployeeController  : Starting to fetch all employees info for request :REQ0.24542787577838332
2020-02-15 21:23:16.311  INFO 8532 --- [http-nio-8080-exec-8] c.j.m.e.d.controller.EmployeeController  : [Time: 8 ms] [RequestID: REQ0.24542787577838332 ] [Respone: [Employee [id=1, name=mukesh, department=test, salary=100000.0], Employee [id=2, name=Ravi, department=test, salary=100000.0]] ]{} {}
2020-02-15 21:23:16.505  INFO 8532 --- [http-nio-8080-exec-9] c.j.m.e.d.controller.EmployeeController  : Starting to fetch all employees info for request :REQ0.9141376731317794
2020-02-15 21:23:16.512  INFO 8532 --- [http-nio-8080-exec-9] c.j.m.e.d.controller.EmployeeController  : [Time: 7 ms] [RequestID: REQ0.9141376731317794 ] [Respone: [Employee [id=1, name=mukesh, department=test, salary=100000.0], Employee [id=2, name=Ravi, department=test, salary=100000.0]] ]{} {}
2020-02-15 21:23:16.709  INFO 8532 --- [http-nio-8080-exec-10] c.j.m.e.d.controller.EmployeeController  : Starting to fetch all employees info for request :REQ0.9710788361075986
2020-02-15 21:23:16.713  INFO 8532 --- [http-nio-8080-exec-10] c.j.m.e.d.controller.EmployeeController  : [Time: 4 ms] [RequestID: REQ0.9710788361075986 ] [Respone: [Employee [id=1, name=mukesh, department=test, salary=100000.0], Employee [id=2, name=Ravi, department=test, salary=100000.0]] ]{} {}
2020-02-15 21:23:16.926  INFO 8532 --- [http-nio-8080-exec-1] c.j.m.e.d.controller.EmployeeController  : Starting to fetch all employees info for request :REQ0.740391997354221
2020-02-15 21:23:16.933  INFO 8532 --- [http-nio-8080-exec-1] c.j.m.e.d.controller.EmployeeController  : [Time: 7 ms] [RequestID: REQ0.740391997354221 ] [Respone: [Employee [id=1, name=mukesh, department=test, salary=100000.0], Employee [id=2, name=Ravi, department=test, salary=100000.0]] ]{} {}
2020-02-15 21:26:29.008  INFO 8532 --- [http-nio-8080-exec-5] c.j.m.e.d.controller.EmployeeController  : Starting to fetch all employees info for request :REQ0.0583908259553334
2020-02-15 21:26:29.015  INFO 8532 --- [http-nio-8080-exec-5] c.j.m.e.d.controller.EmployeeController  : [Time: 7 ms] [RequestID: REQ0.0583908259553334 ] [Respone: [Employee [id=1, name=mukesh, department=test, salary=100000.0], Employee [id=2, name=Ravi, department=test, salary=100000.0]] ]{} {}
2020-02-15 21:26:29.668  INFO 8532 --- [http-nio-8080-exec-6] c.j.m.e.d.controller.EmployeeController  : Starting to fetch all employees info for request :REQ0.00895925788791585
2020-02-15 21:26:29.676  INFO 8532 --- [http-nio-8080-exec-6] c.j.m.e.d.controller.EmployeeController  : [Time: 8 ms] [RequestID: REQ0.00895925788791585 ] [Respone: [Employee [id=1, name=mukesh, department=test, salary=100000.0], Employee [id=2, name=Ravi, department=test, salary=100000.0]] ]{} {}
2020-02-15 21:26:29.892  INFO 8532 --- [http-nio-8080-exec-7] c.j.m.e.d.controller.EmployeeController  : Starting to fetch all employees info for request :REQ0.7330183137696618
2020-02-15 21:26:29.899  INFO 8532 --- [http-nio-8080-exec-7] c.j.m.e.d.controller.EmployeeController  : [Time: 7 ms] [RequestID: REQ0.7330183137696618 ] [Respone: [Employee [id=1, name=mukesh, department=test, salary=100000.0], Employee [id=2, name=Ravi, department=test, salary=100000.0]] ]{} {}
2020-02-15 21:26:30.065  INFO 8532 --- [http-nio-8080-exec-8] c.j.m.e.d.controller.EmployeeController  : Starting to fetch all employees info for request :REQ0.7327639471794559
2020-02-15 21:26:30.071  INFO 8532 --- [http-nio-8080-exec-8] c.j.m.e.d.controller.EmployeeController  : [Time: 6 ms] [RequestID: REQ0.7327639471794559 ] [Respone: [Employee [id=1, name=mukesh, department=test, salary=100000.0], Employee [id=2, name=Ravi, department=test, salary=100000.0]] ]{} {}
2020-02-15 21:26:30.253  INFO 8532 --- [http-nio-8080-exec-9] c.j.m.e.d.controller.EmployeeController  : Starting to fetch all employees info for request :REQ0.8983253532112716
2020-02-15 21:26:30.260  INFO 8532 --- [http-nio-8080-exec-9] c.j.m.e.d.controller.EmployeeController  : [Time: 7 ms] [RequestID: REQ0.8983253532112716 ] [Respone: [Employee [id=1, name=mukesh, department=test, salary=100000.0], Employee [id=2, name=Ravi, department=test, salary=100000.0]] ]{} {}
2020-02-15 21:26:30.433  INFO 8532 --- [http-nio-8080-exec-10] c.j.m.e.d.controller.EmployeeController  : Starting to fetch all employees info for request :REQ0.09519605875990444
2020-02-15 21:26:30.438  INFO 8532 --- [http-nio-8080-exec-10] c.j.m.e.d.controller.EmployeeController  : [Time: 5 ms] [RequestID: REQ0.09519605875990444 ] [Respone: [Employee [id=1, name=mukesh, department=test, salary=100000.0], Employee [id=2, name=Ravi, department=test, salary=100000.0]] ]{} {}
2020-02-15 21:26:30.614  INFO 8532 --- [http-nio-8080-exec-1] c.j.m.e.d.controller.EmployeeController  : Starting to fetch all employees info for request :REQ0.5170988869792587
2020-02-15 21:26:30.618  INFO 8532 --- [http-nio-8080-exec-1] c.j.m.e.d.controller.EmployeeController  : [Time: 5 ms] [RequestID: REQ0.5170988869792587 ] [Respone: [Employee [id=1, name=mukesh, department=test, salary=100000.0], Employee [id=2, name=Ravi, department=test, salary=100000.0]] ]{} {}
2020-02-15 21:26:30.787  INFO 8532 --- [http-nio-8080-exec-2] c.j.m.e.d.controller.EmployeeController  : Starting to fetch all employees info for request :REQ0.8160273299043073
2020-02-15 21:26:30.791  INFO 8532 --- [http-nio-8080-exec-2] c.j.m.e.d.controller.EmployeeController  : [Time: 5 ms] [RequestID: REQ0.8160273299043073 ] [Respone: [Employee [id=1, name=mukesh, department=test, salary=100000.0], Employee [id=2, name=Ravi, department=test, salary=100000.0]] ]{} {}
2020-02-15 21:26:30.993  INFO 8532 --- [http-nio-8080-exec-3] c.j.m.e.d.controller.EmployeeController  : Starting to fetch all employees info for request :REQ0.23740723495756677
2020-02-15 21:26:30.999  INFO 8532 --- [http-nio-8080-exec-3] c.j.m.e.d.controller.EmployeeController  : [Time: 6 ms] [RequestID: REQ0.23740723495756677 ] [Respone: [Employee [id=1, name=mukesh, department=test, salary=100000.0], Employee [id=2, name=Ravi, department=test, salary=100000.0]] ]{} {}
2020-02-15 21:26:31.167  INFO 8532 --- [http-nio-8080-exec-4] c.j.m.e.d.controller.EmployeeController  : Starting to fetch all employees info for request :REQ0.25731979705897634
2020-02-15 21:26:31.171  INFO 8532 --- [http-nio-8080-exec-4] c.j.m.e.d.controller.EmployeeController  : [Time: 4 ms] [RequestID: REQ0.25731979705897634 ] [Respone: [Employee [id=1, name=mukesh, department=test, salary=100000.0], Employee [id=2, name=Ravi, department=test, salary=100000.0]] ]{} {}
2020-02-15 21:26:31.363  INFO 8532 --- [http-nio-8080-exec-5] c.j.m.e.d.controller.EmployeeController  : Starting to fetch all employees info for request :REQ0.9416234921254322
2020-02-15 21:26:31.368  INFO 8532 --- [http-nio-8080-exec-5] c.j.m.e.d.controller.EmployeeController  : [Time: 5 ms] [RequestID: REQ0.9416234921254322 ] [Respone: [Employee [id=1, name=mukesh, department=test, salary=100000.0], Employee [id=2, name=Ravi, department=test, salary=100000.0]] ]{} {}
2020-02-15 21:26:31.561  INFO 8532 --- [http-nio-8080-exec-6] c.j.m.e.d.controller.EmployeeController  : Starting to fetch all employees info for request :REQ0.358070113408142
2020-02-15 21:26:31.566  INFO 8532 --- [http-nio-8080-exec-6] c.j.m.e.d.controller.EmployeeController  : [Time: 5 ms] [RequestID: REQ0.358070113408142 ] [Respone: [Employee [id=1, name=mukesh, department=test, salary=100000.0], Employee [id=2, name=Ravi, department=test, salary=100000.0]] ]{} {}
2020-02-15 21:26:31.751  INFO 8532 --- [http-nio-8080-exec-7] c.j.m.e.d.controller.EmployeeController  : Starting to fetch all employees info for request :REQ0.2199037069719154
2020-02-15 21:26:31.754  INFO 8532 --- [http-nio-8080-exec-7] c.j.m.e.d.controller.EmployeeController  : [Time: 3 ms] [RequestID: REQ0.2199037069719154 ] [Respone: [Employee [id=1, name=mukesh, department=test, salary=100000.0], Employee [id=2, name=Ravi, department=test, salary=100000.0]] ]{} {}
2020-02-15 21:26:31.944  INFO 8532 --- [http-nio-8080-exec-8] c.j.m.e.d.controller.EmployeeController  : Starting to fetch all employees info for request :REQ0.3343896926809542
2020-02-15 21:26:31.950  INFO 8532 --- [http-nio-8080-exec-8] c.j.m.e.d.controller.EmployeeController  : [Time: 6 ms] [RequestID: REQ0.3343896926809542 ] [Respone: [Employee [id=1, name=mukesh, department=test, salary=100000.0], Employee [id=2, name=Ravi, department=test, salary=100000.0]] ]{} {}
2020-02-15 21:26:32.148  INFO 8532 --- [http-nio-8080-exec-9] c.j.m.e.d.controller.EmployeeController  : Starting to fetch all employees info for request :REQ0.8407632971121309
2020-02-15 21:26:32.152  INFO 8532 --- [http-nio-8080-exec-9] c.j.m.e.d.controller.EmployeeController  : [Time: 4 ms] [RequestID: REQ0.8407632971121309 ] [Respone: [Employee [id=1, name=mukesh, department=test, salary=100000.0], Employee [id=2, name=Ravi, department=test, salary=100000.0]] ]{} {}
2020-02-15 21:31:43.960  INFO 8532 --- [http-nio-8080-exec-2] c.j.m.e.d.controller.EmployeeController  : Starting to fetch all employees info for request :REQ0.24019768202678415
2020-02-15 21:31:43.968  INFO 8532 --- [http-nio-8080-exec-2] c.j.m.e.d.controller.EmployeeController  : [Time: 8 ms] [RequestID: REQ0.24019768202678415 ] [Respone: [Employee [id=1, name=mukesh, department=test, salary=100000.0], Employee [id=2, name=Ravi, department=test, salary=100000.0]] ]{} {}
2020-02-15 21:31:44.203  INFO 8532 --- [http-nio-8080-exec-3] c.j.m.e.d.controller.EmployeeController  : Starting to fetch all employees info for request :REQ0.8315601180857863
2020-02-15 21:31:44.209  INFO 8532 --- [http-nio-8080-exec-3] c.j.m.e.d.controller.EmployeeController  : [Time: 6 ms] [RequestID: REQ0.8315601180857863 ] [Respone: [Employee [id=1, name=mukesh, department=test, salary=100000.0], Employee [id=2, name=Ravi, department=test, salary=100000.0]] ]{} {}
2020-02-15 21:31:44.342  INFO 8532 --- [http-nio-8080-exec-4] c.j.m.e.d.controller.EmployeeController  : Starting to fetch all employees info for request :REQ0.022988218495891832
2020-02-15 21:31:44.345  INFO 8532 --- [http-nio-8080-exec-4] c.j.m.e.d.controller.EmployeeController  : [Time: 3 ms] [RequestID: REQ0.022988218495891832 ] [Respone: [Employee [id=1, name=mukesh, department=test, salary=100000.0], Employee [id=2, name=Ravi, department=test, salary=100000.0]] ]{} {}
2020-02-15 21:31:44.508  INFO 8532 --- [http-nio-8080-exec-5] c.j.m.e.d.controller.EmployeeController  : Starting to fetch all employees info for request :REQ0.7760201969632637
2020-02-15 21:31:44.514  INFO 8532 --- [http-nio-8080-exec-5] c.j.m.e.d.controller.EmployeeController  : [Time: 7 ms] [RequestID: REQ0.7760201969632637 ] [Respone: [Employee [id=1, name=mukesh, department=test, salary=100000.0], Employee [id=2, name=Ravi, department=test, salary=100000.0]] ]{} {}
2020-02-15 21:31:44.692  INFO 8532 --- [http-nio-8080-exec-6] c.j.m.e.d.controller.EmployeeController  : Starting to fetch all employees info for request :REQ0.5921416763218484
2020-02-15 21:31:44.697  INFO 8532 --- [http-nio-8080-exec-6] c.j.m.e.d.controller.EmployeeController  : [Time: 5 ms] [RequestID: REQ0.5921416763218484 ] [Respone: [Employee [id=1, name=mukesh, department=test, salary=100000.0], Employee [id=2, name=Ravi, department=test, salary=100000.0]] ]{} {}
2020-02-15 21:31:44.885  INFO 8532 --- [http-nio-8080-exec-7] c.j.m.e.d.controller.EmployeeController  : Starting to fetch all employees info for request :REQ0.8854090129826786
2020-02-15 21:31:44.892  INFO 8532 --- [http-nio-8080-exec-7] c.j.m.e.d.controller.EmployeeController  : [Time: 7 ms] [RequestID: REQ0.8854090129826786 ] [Respone: [Employee [id=1, name=mukesh, department=test, salary=100000.0], Employee [id=2, name=Ravi, department=test, salary=100000.0]] ]{} {}
2020-02-15 21:31:45.075  INFO 8532 --- [http-nio-8080-exec-8] c.j.m.e.d.controller.EmployeeController  : Starting to fetch all employees info for request :REQ0.7460194717973958
2020-02-15 21:31:45.080  INFO 8532 --- [http-nio-8080-exec-8] c.j.m.e.d.controller.EmployeeController  : [Time: 5 ms] [RequestID: REQ0.7460194717973958 ] [Respone: [Employee [id=1, name=mukesh, department=test, salary=100000.0], Employee [id=2, name=Ravi, department=test, salary=100000.0]] ]{} {}
2020-02-15 21:31:45.247  INFO 8532 --- [http-nio-8080-exec-9] c.j.m.e.d.controller.EmployeeController  : Starting to fetch all employees info for request :REQ0.5711582085756396
2020-02-15 21:31:45.252  INFO 8532 --- [http-nio-8080-exec-9] c.j.m.e.d.controller.EmployeeController  : [Time: 5 ms] [RequestID: REQ0.5711582085756396 ] [Respone: [Employee [id=1, name=mukesh, department=test, salary=100000.0], Employee [id=2, name=Ravi, department=test, salary=100000.0]] ]{} {}
2020-02-15 21:31:45.412  INFO 8532 --- [http-nio-8080-exec-10] c.j.m.e.d.controller.EmployeeController  : Starting to fetch all employees info for request :REQ0.071877003824112
2020-02-15 21:31:45.421  INFO 8532 --- [http-nio-8080-exec-10] c.j.m.e.d.controller.EmployeeController  : [Time: 9 ms] [RequestID: REQ0.071877003824112 ] [Respone: [Employee [id=1, name=mukesh, department=test, salary=100000.0], Employee [id=2, name=Ravi, department=test, salary=100000.0]] ]{} {}
2020-02-15 21:31:45.667  INFO 8532 --- [http-nio-8080-exec-1] c.j.m.e.d.controller.EmployeeController  : Starting to fetch all employees info for request :REQ0.9219327129334357
2020-02-15 21:31:45.673  INFO 8532 --- [http-nio-8080-exec-1] c.j.m.e.d.controller.EmployeeController  : [Time: 6 ms] [RequestID: REQ0.9219327129334357 ] [Respone: [Employee [id=1, name=mukesh, department=test, salary=100000.0], Employee [id=2, name=Ravi, department=test, salary=100000.0]] ]{} {}
2020-02-15 21:31:45.946  INFO 8532 --- [http-nio-8080-exec-2] c.j.m.e.d.controller.EmployeeController  : Starting to fetch all employees info for request :REQ0.2732402783710931
2020-02-15 21:31:45.951  INFO 8532 --- [http-nio-8080-exec-2] c.j.m.e.d.controller.EmployeeController  : [Time: 5 ms] [RequestID: REQ0.2732402783710931 ] [Respone: [Employee [id=1, name=mukesh, department=test, salary=100000.0], Employee [id=2, name=Ravi, department=test, salary=100000.0]] ]{} {}
